<?xml version="1.0" encoding="UTF-8"?>
<!-- Generated by org.testng.reporters.JUnitXMLReporter -->
<testsuite ignored="0" hostname="DESKTOP-HN4067J" failures="0" tests="3" name="chrome" time="59.436" errors="0" timestamp="2022-01-21T15:49:29 IST">
  <testcase classname="com.crm.comcat.orgTest.Organizaton" name="createNewOrgWithIndustryTypeTest" time="12.98"/>
  <testcase classname="com.crm.comcat.orgTest.Organizaton" name="createOrgTest" time="12.338"/>
  <testcase classname="com.crm.comcat.orgTest.Organizaton" name="createOrgWithIndustryTest" time="10.371"/>
</testsuite> <!-- chrome -->
