<?xml version="1.0" encoding="UTF-8"?>
<!-- Generated by org.testng.reporters.JUnitXMLReporter -->
<testsuite ignored="0" hostname="DESKTOP-HN4067J" failures="0" tests="6" name="TestRunner-1" time="156.006" errors="0" timestamp="2022-01-21T17:01:48 IST">
  <testcase classname="com.crm.comcat.contactTest.Contact" name="createContactTest" time="18.171"/>
  <testcase classname="com.crm.comcat.contactTest.Contact" name="createContactWithOrgTest" time="34.482"/>
  <testcase classname="com.crm.comcat.contactTest.Contact" name="createContactWithoutMandFieldTest" time="9.834"/>
  <testcase classname="com.crm.comcat.contactTest.Contact" name="selectGroupAsMarketingGroupTest" time="14.273"/>
  <testcase classname="com.crm.comcat.contactTest.Contact" name="selectGroupAsSupportGroupTest" time="13.682"/>
  <testcase classname="com.crm.comcat.contactTest.Contact" name="selectUsrAsAdministratorGroupTest" time="14.109"/>
</testsuite> <!-- TestRunner-1 -->
