<?xml version="1.0" encoding="UTF-8"?>
<!-- Generated by org.testng.reporters.JUnitXMLReporter -->
<testsuite ignored="0" hostname="DESKTOP-HN4067J" failures="0" tests="3" name="TestRunner-2" time="83.673" errors="0" timestamp="2022-01-21T17:00:36 IST">
  <testcase classname="com.crm.comcat.orgTest.Organizaton" name="createNewOrgWithIndustryTypeTest" time="19.239"/>
  <testcase classname="com.crm.comcat.orgTest.Organizaton" name="createOrgTest" time="17.387"/>
  <testcase classname="com.crm.comcat.orgTest.Organizaton" name="createOrgWithIndustryTest" time="18.728"/>
</testsuite> <!-- TestRunner-2 -->
